[06-Sep-2018 08:01:07 UTC] WordPress database error Table 'c9.wp_mb_contactform' doesn't exist for query SHOW FULL COLUMNS FROM `wp_mb_contactform`
[29-Sep-2018 07:40:24 UTC] WordPress database error Column 'customer_id' cannot be null for query INSERT INTO `wp_mb_customer_order` (`customer_order`, `cost`, `customer_id`) VALUES ('Chips', 3, NULL)
[29-Sep-2018 07:43:30 UTC] WordPress database error Column 'customer_id' cannot be null for query INSERT INTO `wp_mb_customer_order` (`customer_order`, `cost`, `customer_id`) VALUES ('Chips', 3, NULL)
[29-Sep-2018 07:45:12 UTC] PHP Parse error:  syntax error, unexpected '}', expecting ',' or ';' in /home/ubuntu/workspace/wp-content/plugins/mb-customer-order/inc/customer-order-add.php on line 48
[29-Sep-2018 07:50:49 UTC] PHP Parse error:  syntax error, unexpected '}', expecting ',' or ';' in /home/ubuntu/workspace/wp-content/plugins/mb-customer-order/inc/customer-order-add.php on line 48
[29-Sep-2018 07:58:49 UTC] PHP Parse error:  syntax error, unexpected '}', expecting ',' or ';' in /home/ubuntu/workspace/wp-content/plugins/mb-customer-order/inc/customer-order-add.php on line 48
[29-Sep-2018 08:04:45 UTC] PHP Parse error:  syntax error, unexpected '}', expecting ',' or ';' in /home/ubuntu/workspace/wp-content/plugins/mb-customer-order/inc/customer-order-add.php on line 49
[29-Sep-2018 08:09:58 UTC] PHP Parse error:  syntax error, unexpected '}', expecting ',' or ';' in /home/ubuntu/workspace/wp-content/plugins/mb-customer-order/inc/customer-order-add.php on line 48
[29-Sep-2018 08:15:09 UTC] PHP Fatal error:  Function name must be a string in /home/ubuntu/workspace/wp-content/plugins/mb-customer-order/inc/customer-order-add.php on line 19
[29-Sep-2018 08:15:09 UTC] PHP Stack trace:
[29-Sep-2018 08:15:09 UTC] PHP   1. {main}() /home/ubuntu/workspace/wp-content/plugins/mb-customer-order/inc/customer-order-add.php:0
[29-Sep-2018 08:16:03 UTC] PHP Fatal error:  Function name must be a string in /home/ubuntu/workspace/wp-content/plugins/mb-customer-order/inc/customer-order-add.php on line 19
[29-Sep-2018 08:16:03 UTC] PHP Stack trace:
[29-Sep-2018 08:16:03 UTC] PHP   1. {main}() /home/ubuntu/workspace/wp-content/plugins/mb-customer-order/inc/customer-order-add.php:0
[29-Sep-2018 09:14:39 UTC] PHP Parse error:  syntax error, unexpected '}' in /home/ubuntu/workspace/wp-content/plugins/mb-customer-order/inc/customer-order-add.php on line 50
[29-Sep-2018 09:23:06 UTC] PHP Parse error:  syntax error, unexpected 'echo' (T_ECHO) in /home/ubuntu/workspace/wp-content/plugins/mb-customer-order/inc/customer-order-add.php on line 18
[29-Sep-2018 09:40:26 UTC] PHP Warning:  array_push() expects at least 2 parameters, 1 given in /home/ubuntu/workspace/wp-content/plugins/mb-customer-order/inc/customer-order-add.php on line 19
[29-Sep-2018 09:40:26 UTC] PHP Stack trace:
[29-Sep-2018 09:40:26 UTC] PHP   1. {main}() /home/ubuntu/workspace/wp-content/plugins/mb-customer-order/inc/customer-order-add.php:0
[29-Sep-2018 09:40:26 UTC] PHP   2. array_push() /home/ubuntu/workspace/wp-content/plugins/mb-customer-order/inc/customer-order-add.php:19
[29-Sep-2018 09:49:17 UTC] PHP Parse error:  syntax error, unexpected '$_SESSION' (T_VARIABLE) in /home/ubuntu/workspace/wp-content/plugins/mb-customer-order/inc/customer-order-add.php on line 20
[29-Sep-2018 09:54:11 UTC] PHP Parse error:  syntax error, unexpected '}' in /home/ubuntu/workspace/wp-content/plugins/mb-customer-order/inc/customer-order-add.php on line 60
[29-Sep-2018 10:14:11 UTC] PHP Fatal error:  [] operator not supported for strings in /home/ubuntu/workspace/wp-content/plugins/mb-customer-order/inc/customer-order-add.php on line 18
[29-Sep-2018 10:14:11 UTC] PHP Stack trace:
[29-Sep-2018 10:14:11 UTC] PHP   1. {main}() /home/ubuntu/workspace/wp-content/plugins/mb-customer-order/inc/customer-order-add.php:0
[29-Sep-2018 10:14:46 UTC] PHP Fatal error:  [] operator not supported for strings in /home/ubuntu/workspace/wp-content/plugins/mb-customer-order/inc/customer-order-add.php on line 18
[29-Sep-2018 10:14:46 UTC] PHP Stack trace:
[29-Sep-2018 10:14:46 UTC] PHP   1. {main}() /home/ubuntu/workspace/wp-content/plugins/mb-customer-order/inc/customer-order-add.php:0
[29-Sep-2018 10:19:53 UTC] PHP Parse error:  syntax error, unexpected '}' in /home/ubuntu/workspace/wp-content/plugins/mb-customer-order/inc/customer-order-add.php on line 60
[29-Sep-2018 10:20:38 UTC] PHP Parse error:  syntax error, unexpected '}' in /home/ubuntu/workspace/wp-content/plugins/mb-customer-order/inc/customer-order-add.php on line 60
[29-Sep-2018 10:30:55 UTC] PHP Warning:  array_push() expects parameter 1 to be array, null given in /home/ubuntu/workspace/wp-content/plugins/mb-customer-order/inc/customer-order-add.php on line 19
[29-Sep-2018 10:30:55 UTC] PHP Stack trace:
[29-Sep-2018 10:30:55 UTC] PHP   1. {main}() /home/ubuntu/workspace/wp-content/plugins/mb-customer-order/inc/customer-order-add.php:0
[29-Sep-2018 10:30:55 UTC] PHP   2. array_push() /home/ubuntu/workspace/wp-content/plugins/mb-customer-order/inc/customer-order-add.php:19
[30-Sep-2018 06:26:29 UTC] PHP Warning:  array_push() expects parameter 1 to be array, null given in /home/ubuntu/workspace/wp-content/plugins/mb-customer-order/inc/customer-order-add.php on line 20
[30-Sep-2018 06:26:29 UTC] PHP Stack trace:
[30-Sep-2018 06:26:29 UTC] PHP   1. {main}() /home/ubuntu/workspace/wp-content/plugins/mb-customer-order/inc/customer-order-add.php:0
[30-Sep-2018 06:26:29 UTC] PHP   2. array_push() /home/ubuntu/workspace/wp-content/plugins/mb-customer-order/inc/customer-order-add.php:20
[30-Sep-2018 06:30:00 UTC] PHP Warning:  array_push() expects parameter 1 to be array, null given in /home/ubuntu/workspace/wp-content/plugins/mb-customer-order/inc/customer-order-add.php on line 20
[30-Sep-2018 06:30:00 UTC] PHP Stack trace:
[30-Sep-2018 06:30:00 UTC] PHP   1. {main}() /home/ubuntu/workspace/wp-content/plugins/mb-customer-order/inc/customer-order-add.php:0
[30-Sep-2018 06:30:00 UTC] PHP   2. array_push() /home/ubuntu/workspace/wp-content/plugins/mb-customer-order/inc/customer-order-add.php:20
[30-Sep-2018 06:30:14 UTC] PHP Warning:  array_push() expects parameter 1 to be array, null given in /home/ubuntu/workspace/wp-content/plugins/mb-customer-order/inc/customer-order-add.php on line 20
[30-Sep-2018 06:30:14 UTC] PHP Stack trace:
[30-Sep-2018 06:30:14 UTC] PHP   1. {main}() /home/ubuntu/workspace/wp-content/plugins/mb-customer-order/inc/customer-order-add.php:0
[30-Sep-2018 06:30:14 UTC] PHP   2. array_push() /home/ubuntu/workspace/wp-content/plugins/mb-customer-order/inc/customer-order-add.php:20
[30-Sep-2018 09:33:04 UTC] WordPress database error Column 'cost' cannot be null for query INSERT INTO `wp_mb_customer_order` (`customer_order`, `cost`, `customer_id`) VALUES ('[[\"Beef Burger\"],[\"Margarita Burger\"],[\"Chips\"],[\"Chips\"]]', NULL, 'u3g1jg6fjvbgqamfkvh9mgab41')
[30-Sep-2018 09:33:29 UTC] WordPress database error Column 'cost' cannot be null for query INSERT INTO `wp_mb_customer_order` (`customer_order`, `cost`, `customer_id`) VALUES ('[[\"Beef Burger\"],[\"Margarita Burger\"],[\"Chips\"],[\"Chips\"]]', NULL, 'u3g1jg6fjvbgqamfkvh9mgab41')
[30-Sep-2018 09:33:48 UTC] PHP Warning:  mysqli_real_escape_string() expects parameter 2 to be string, array given in /home/ubuntu/workspace/wp-includes/wp-db.php on line 1102
[30-Sep-2018 09:33:48 UTC] PHP Stack trace:
[30-Sep-2018 09:33:48 UTC] PHP   1. {main}() /home/ubuntu/workspace/wp-content/plugins/mb-customer-order/inc/customer-order-add.1.php:0
[30-Sep-2018 09:33:48 UTC] PHP   2. wpdb->insert() /home/ubuntu/workspace/wp-content/plugins/mb-customer-order/inc/customer-order-add.1.php:34
[30-Sep-2018 09:33:48 UTC] PHP   3. wpdb->_insert_replace_helper() /home/ubuntu/workspace/wp-includes/wp-db.php:2015
[30-Sep-2018 09:33:48 UTC] PHP   4. wpdb->prepare() /home/ubuntu/workspace/wp-includes/wp-db.php:2093
[30-Sep-2018 09:33:48 UTC] PHP   5. array_walk() /home/ubuntu/workspace/wp-includes/wp-db.php:1302
[30-Sep-2018 09:33:48 UTC] PHP   6. wpdb->escape_by_ref() /home/ubuntu/workspace/wp-includes/wp-db.php:1302
[30-Sep-2018 09:33:48 UTC] PHP   7. wpdb->_real_escape() /home/ubuntu/workspace/wp-includes/wp-db.php:1186
[30-Sep-2018 09:33:48 UTC] PHP   8. mysqli_real_escape_string() /home/ubuntu/workspace/wp-includes/wp-db.php:1102
[30-Sep-2018 09:33:48 UTC] WordPress database error Column 'cost' cannot be null for query INSERT INTO `wp_mb_customer_order` (`customer_order`, `cost`, `customer_id`) VALUES ('', NULL, 'u3g1jg6fjvbgqamfkvh9mgab41')
[30-Sep-2018 09:34:42 UTC] WordPress database error Column 'cost' cannot be null for query INSERT INTO `wp_mb_customer_order` (`customer_order`, `cost`, `customer_id`) VALUES ('[[\"Beef Burger\"],[\"Margarita Burger\"],[\"Chips\"],[\"Chips\"]]', NULL, 'u3g1jg6fjvbgqamfkvh9mgab41')
[30-Sep-2018 09:37:42 UTC] PHP Warning:  mysql_real_escape_string(): Access denied for user ''@'localhost' (using password: NO) in /home/ubuntu/workspace/wp-content/plugins/mb-customer-order/inc/customer-order-add.1.php on line 18
[30-Sep-2018 09:37:42 UTC] PHP Stack trace:
[30-Sep-2018 09:37:42 UTC] PHP   1. {main}() /home/ubuntu/workspace/wp-content/plugins/mb-customer-order/inc/customer-order-add.1.php:0
[30-Sep-2018 09:37:42 UTC] PHP   2. mysql_real_escape_string() /home/ubuntu/workspace/wp-content/plugins/mb-customer-order/inc/customer-order-add.1.php:18
[30-Sep-2018 09:37:42 UTC] PHP Warning:  mysql_real_escape_string(): A link to the server could not be established in /home/ubuntu/workspace/wp-content/plugins/mb-customer-order/inc/customer-order-add.1.php on line 18
[30-Sep-2018 09:37:42 UTC] PHP Stack trace:
[30-Sep-2018 09:37:42 UTC] PHP   1. {main}() /home/ubuntu/workspace/wp-content/plugins/mb-customer-order/inc/customer-order-add.1.php:0
[30-Sep-2018 09:37:42 UTC] PHP   2. mysql_real_escape_string() /home/ubuntu/workspace/wp-content/plugins/mb-customer-order/inc/customer-order-add.1.php:18
[30-Sep-2018 09:41:09 UTC] PHP Warning:  mysql_real_escape_string(): Access denied for user ''@'localhost' (using password: NO) in /home/ubuntu/workspace/wp-content/plugins/mb-customer-order/inc/customer-order-add.1.php on line 25
[30-Sep-2018 09:41:09 UTC] PHP Stack trace:
[30-Sep-2018 09:41:09 UTC] PHP   1. {main}() /home/ubuntu/workspace/wp-content/plugins/mb-customer-order/inc/customer-order-add.1.php:0
[30-Sep-2018 09:41:09 UTC] PHP   2. mysql_real_escape_string() /home/ubuntu/workspace/wp-content/plugins/mb-customer-order/inc/customer-order-add.1.php:25
[30-Sep-2018 09:41:09 UTC] PHP Warning:  mysql_real_escape_string(): A link to the server could not be established in /home/ubuntu/workspace/wp-content/plugins/mb-customer-order/inc/customer-order-add.1.php on line 25
[30-Sep-2018 09:41:09 UTC] PHP Stack trace:
[30-Sep-2018 09:41:09 UTC] PHP   1. {main}() /home/ubuntu/workspace/wp-content/plugins/mb-customer-order/inc/customer-order-add.1.php:0
[30-Sep-2018 09:41:09 UTC] PHP   2. mysql_real_escape_string() /home/ubuntu/workspace/wp-content/plugins/mb-customer-order/inc/customer-order-add.1.php:25
